<?xml version="1.0" encoding="UTF-8"?>
<TestRun id="5c5a6846-143b-43c7-a9cf-024926d386e0" name="kl07@PH-KL07 2013-03-19 13:05:48" runUser="IC\kl07" xmlns="http://microsoft.com/schemas/VisualStudio/TeamTest/2010">
  <TestSettings name="Local" id="8b5a3897-d85d-4ea4-a281-76fd99e3b0e1">
    <Description>These are default test settings for a local test run.</Description>
    <Deployment enabled="false" runDeploymentRoot="kl07_PH-KL07 2013-03-19 13_05_48">
      <DeploymentItem filename="C:\Users\kl07\Dropbox\Documents in Dropbox\PhD online\C# Projects\Spectral Response AQ\Spectral Response AQ\bin\Debug\Spectral Response AQ.exe" />
    </Deployment>
    <Execution>
      <TestTypeSpecific />
      <AgentRule name="Execution Agents">
      </AgentRule>
    </Execution>
  </TestSettings>
  <Times creation="2013-03-19T13:05:48.3399895+00:00" queuing="2013-03-19T13:05:49.0649895+00:00" start="2013-03-19T13:05:49.1789895+00:00" finish="2013-03-19T13:06:15.5229895+00:00" />
  <ResultSummary outcome="Error">
    <Counters total="1" executed="1" error="0" failed="0" timeout="0" aborted="1" inconclusive="0" passedButRunAborted="0" notRunnable="0" notExecuted="0" disconnected="0" warning="0" passed="0" completed="0" inProgress="0" pending="0" />
    <RunInfos>
      <RunInfo computerName="PH-KL07" outcome="Error" timestamp="2013-03-19T13:06:15.5219895+00:00">
        <Text>Test host process exited unexpectedly.</Text>
      </RunInfo>
    </RunInfos>
  </ResultSummary>
  <TestDefinitions>
    <UnitTest name="TestMethod1" storage="c:\users\kl07\dropbox\documents in dropbox\phd online\c# projects\spectral response aq\testproject1\bin\debug\testproject1.dll" id="59863143-3238-122e-4d8a-637b491cc755">
      <Execution id="1b0258ba-3dc2-4a96-899a-c22cdd372728" />
      <TestMethod codeBase="C:/Users/kl07/Dropbox/Documents in Dropbox/PhD online/C# Projects/Spectral Response AQ/TestProject1/bin/Debug/TestProject1.DLL" adapterTypeName="Microsoft.VisualStudio.TestTools.TestTypes.Unit.UnitTestAdapter, Microsoft.VisualStudio.QualityTools.Tips.UnitTest.Adapter, Version=10.0.0.0, Culture=neutral, PublicKeyToken=b03f5f7f11d50a3a" className="TestProject1.UnitTest1, TestProject1, Version=1.0.0.0, Culture=neutral, PublicKeyToken=null" name="TestMethod1" />
    </UnitTest>
  </TestDefinitions>
  <TestLists>
    <TestList name="Results Not in a List" id="8c84fa94-04c1-424b-9868-57a2d4851a1d" />
    <TestList name="All Loaded Results" id="19431567-8539-422a-85d7-44ee4e166bda" />
  </TestLists>
  <TestEntries>
    <TestEntry testId="59863143-3238-122e-4d8a-637b491cc755" executionId="1b0258ba-3dc2-4a96-899a-c22cdd372728" testListId="8c84fa94-04c1-424b-9868-57a2d4851a1d" />
  </TestEntries>
  <Results>
    <UnitTestResult executionId="1b0258ba-3dc2-4a96-899a-c22cdd372728" testId="59863143-3238-122e-4d8a-637b491cc755" testName="TestMethod1" computerName="PH-KL07" duration="00:00:26.2280000" startTime="2013-03-19T13:05:49.2949895+00:00" endTime="2013-03-19T13:06:15.5229895+00:00" testType="13cdc9d9-ddb5-4fa4-a97d-d965ccfc6d4b" outcome="Aborted" testListId="8c84fa94-04c1-424b-9868-57a2d4851a1d" relativeResultsDirectory="1b0258ba-3dc2-4a96-899a-c22cdd372728">
    </UnitTestResult>
  </Results>
</TestRun>