<?xml version="1.0" encoding="UTF-8"?>
<TestRun id="32ae17b5-c655-4d7e-8d11-190c3a672029" name="kl07@PH-KL07 2013-03-19 13:04:09" runUser="IC\kl07" xmlns="http://microsoft.com/schemas/VisualStudio/TeamTest/2010">
  <TestSettings name="Local" id="8b5a3897-d85d-4ea4-a281-76fd99e3b0e1">
    <Description>These are default test settings for a local test run.</Description>
    <Deployment enabled="false" runDeploymentRoot="kl07_PH-KL07 2013-03-19 13_04_09">
      <DeploymentItem filename="C:\Users\kl07\Dropbox\Documents in Dropbox\PhD online\C# Projects\Spectral Response AQ\Spectral Response AQ\bin\Debug\Spectral Response AQ.exe" />
    </Deployment>
    <Execution>
      <TestTypeSpecific />
      <AgentRule name="Execution Agents">
      </AgentRule>
    </Execution>
  </TestSettings>
  <Times creation="2013-03-19T13:04:09.5869895+00:00" queuing="2013-03-19T13:04:09.7739895+00:00" start="2013-03-19T13:04:09.7979895+00:00" finish="2013-03-19T13:04:10.2559895+00:00" />
  <ResultSummary outcome="Completed">
    <Counters total="1" executed="1" passed="1" error="0" failed="0" timeout="0" aborted="0" inconclusive="0" passedButRunAborted="0" notRunnable="0" notExecuted="0" disconnected="0" warning="0" completed="0" inProgress="0" pending="0" />
  </ResultSummary>
  <TestDefinitions>
    <UnitTest name="TestMethod1" storage="c:\users\kl07\dropbox\documents in dropbox\phd online\c# projects\spectral response aq\testproject1\bin\debug\testproject1.dll" id="59863143-3238-122e-4d8a-637b491cc755">
      <Execution id="734705fc-6183-4071-b026-9c7254855c27" />
      <TestMethod codeBase="C:/Users/kl07/Dropbox/Documents in Dropbox/PhD online/C# Projects/Spectral Response AQ/TestProject1/bin/Debug/TestProject1.DLL" adapterTypeName="Microsoft.VisualStudio.TestTools.TestTypes.Unit.UnitTestAdapter, Microsoft.VisualStudio.QualityTools.Tips.UnitTest.Adapter, Version=10.0.0.0, Culture=neutral, PublicKeyToken=b03f5f7f11d50a3a" className="TestProject1.UnitTest1, TestProject1, Version=1.0.0.0, Culture=neutral, PublicKeyToken=null" name="TestMethod1" />
    </UnitTest>
  </TestDefinitions>
  <TestLists>
    <TestList name="Results Not in a List" id="8c84fa94-04c1-424b-9868-57a2d4851a1d" />
    <TestList name="All Loaded Results" id="19431567-8539-422a-85d7-44ee4e166bda" />
  </TestLists>
  <TestEntries>
    <TestEntry testId="59863143-3238-122e-4d8a-637b491cc755" executionId="734705fc-6183-4071-b026-9c7254855c27" testListId="8c84fa94-04c1-424b-9868-57a2d4851a1d" />
  </TestEntries>
  <Results>
    <UnitTestResult executionId="734705fc-6183-4071-b026-9c7254855c27" testId="59863143-3238-122e-4d8a-637b491cc755" testName="TestMethod1" computerName="PH-KL07" duration="00:00:00.1335054" startTime="2013-03-19T13:04:09.8059895+00:00" endTime="2013-03-19T13:04:10.2379895+00:00" testType="13cdc9d9-ddb5-4fa4-a97d-d965ccfc6d4b" outcome="Passed" testListId="8c84fa94-04c1-424b-9868-57a2d4851a1d" relativeResultsDirectory="734705fc-6183-4071-b026-9c7254855c27">
      <Output>
        <DebugTrace>startWavelength,400
endWavelength,800
step,1
</DebugTrace>
      </Output>
    </UnitTestResult>
  </Results>
</TestRun>